<?xml version="1.0" encoding="UTF-8"?>
<!-- Generated by org.testng.reporters.JUnitReportReporter -->
<testsuite hostname="pavibaskar" failures="1" tests="10" name="com.runner.TestRunner" time="93.297" errors="0" timestamp="2025-09-12T20:23:39 IST" skipped="0">
  <testcase classname="com.runner.TestRunner" name="runScenario" time="3.738"/>
  <testcase classname="com.runner.TestRunner" name="runScenario" time="1.686"/>
  <testcase classname="com.runner.TestRunner" name="runScenario" time="3.164"/>
  <testcase classname="com.runner.TestRunner" name="runScenario" time="0.268"/>
  <testcase classname="com.runner.TestRunner" name="runScenario" time="10.489"/>
  <testcase classname="com.runner.TestRunner" name="runScenario" time="1.302"/>
  <testcase classname="com.runner.TestRunner" name="runScenario" time="61.167"/>
  <testcase classname="com.runner.TestRunner" name="runScenario" time="11.012"/>
  <testcase classname="com.runner.TestRunner" name="runScenario" time="0.259"/>
  <testcase classname="com.runner.TestRunner" name="runScenario" time="0.212">
    <failure message="Address selection page not displayed! expected [true] but found [false]" type="java.lang.AssertionError">
      <![CDATA[java.lang.AssertionError: Address selection page not displayed! expected [true] but found [false]
at org.testng.Assert.fail(Assert.java:111)
at org.testng.Assert.failNotEquals(Assert.java:1590)
at org.testng.Assert.assertTrue(Assert.java:57)
at stepdefinitions.CartCheckoutPatientStep.the_user_should_be_navigated_to_the_address_selection_page(CartCheckoutPatientStep.java:53)
at âœ½.the user should be navigated to the address selection page(file:///C:/Users/pavib/eclipse-workspace/Apollo247_testing_app/src/test/resources/features/6_cartcheckout.feature:17)
]]>
    </failure>
  </testcase> <!-- runScenario -->
</testsuite> <!-- com.runner.TestRunner -->
